<?xml version="1.0" encoding="UTF-8"?>
<testng-results skipped="0" failed="0" ignored="0" total="2" passed="2">
  <reporter-output>
  </reporter-output>
  <suite name="Suite" duration-ms="23212" started-at="2020-09-10T17:40:30Z" finished-at="2020-09-10T17:40:53Z">
    <groups>
    </groups>
    <test name="Test" duration-ms="23212" started-at="2020-09-10T17:40:30Z" finished-at="2020-09-10T17:40:53Z">
      <class name="com.actTime.script.DemoA">
        <test-method status="PASS" signature="OpenActime()[pri:0, instance:com.actTime.script.DemoA@3cbbc1e0]" name="OpenActime" duration-ms="10439" started-at="2020-09-10T17:40:30Z" finished-at="2020-09-10T17:40:41Z">
          <reporter-output>
          </reporter-output>
        </test-method> <!-- OpenActime -->
        <test-method status="PASS" signature="TestBrowser()[pri:0, instance:com.actTime.script.DemoA@3cbbc1e0]" name="TestBrowser" duration-ms="12718" started-at="2020-09-10T17:40:41Z" finished-at="2020-09-10T17:40:53Z">
          <reporter-output>
          </reporter-output>
        </test-method> <!-- TestBrowser -->
      </class> <!-- com.actTime.script.DemoA -->
    </test> <!-- Test -->
  </suite> <!-- Suite -->
</testng-results>
